<?xml version="1.0" encoding="UTF-8"?>
<!-- Generated by org.testng.reporters.JUnitReportReporter -->
<testsuite hostname="hydlap105" failures="0" tests="1" name="funtionalTest.FuntionalTest" time="2.021" errors="0" timestamp="2021-10-08T13:43:33 IST" skipped="0">
  <testcase classname="funtionalTest.FuntionalTest" name="test1" time="2.021"/>
</testsuite> <!-- funtionalTest.FuntionalTest -->
