<?xml version="1.0" encoding="UTF-8"?>
<!-- Generated by org.testng.reporters.JUnitReportReporter -->
<testsuite hostname="hydlap105" failures="0" tests="1" name="funtionalTest.TestClass" time="4.426" errors="0" timestamp="2021-10-09T12:38:16 IST" skipped="0">
  <testcase classname="funtionalTest.TestClass" name="verifyListUsers" time="4.426"/>
</testsuite> <!-- funtionalTest.TestClass -->
